0 info it worked if it ends with ok
1 verbose cli [ '/home/tylercollier/.nodenv/versions/6.9.1/bin/node',
1 verbose cli   '/home/tylercollier/.nodenv/versions/6.9.1/bin/npm',
1 verbose cli   'run',
1 verbose cli   'storybook' ]
2 info using npm@3.10.8
3 info using node@v6.9.1
4 verbose run-script [ 'prestorybook', 'storybook', 'poststorybook' ]
5 info lifecycle redux-todomvc-example@0.0.0~prestorybook: redux-todomvc-example@0.0.0
6 silly lifecycle redux-todomvc-example@0.0.0~prestorybook: no script for prestorybook, continuing
7 info lifecycle redux-todomvc-example@0.0.0~storybook: redux-todomvc-example@0.0.0
8 verbose lifecycle redux-todomvc-example@0.0.0~storybook: unsafe-perm in lifecycle true
9 verbose lifecycle redux-todomvc-example@0.0.0~storybook: PATH: /home/tylercollier/.nodenv/versions/6.9.1/lib/node_modules/npm/bin/node-gyp-bin:/home/tylercollier/repos/react-storybook-demo-tyler/node_modules/.bin:/home/tylercollier/.nodenv/versions/6.9.1/bin:/home/tylercollier/.nodenv/libexec:/home/tylercollier/.nodenv/plugins/node-build/bin:/home/tylercollier/.nodenv/shims:/home/tylercollier/.nodenv/bin:/home/tylercollier/.phpenv/shims:/home/tylercollier/.phpenv/bin:/home/tylercollier/.rbenv/shims:/home/tylercollier/.rbenv/bin:/home/tylercollier/bin:/usr/local/sbin:/usr/local/bin:/usr/sbin:/usr/bin:/sbin:/bin:/usr/games:/usr/local/games:/home/tylercollier/bin:/opt/android-studio/sdk/tools:/opt/android-studio/sdk/platform-tools
10 verbose lifecycle redux-todomvc-example@0.0.0~storybook: CWD: /home/tylercollier/repos/react-storybook-demo-tyler
11 silly lifecycle redux-todomvc-example@0.0.0~storybook: Args: [ '-c', 'start-storybook -p 9001' ]
12 silly lifecycle redux-todomvc-example@0.0.0~storybook: Returned: code: 1  signal: null
13 info lifecycle redux-todomvc-example@0.0.0~storybook: Failed to exec storybook script
14 verbose stack Error: redux-todomvc-example@0.0.0 storybook: `start-storybook -p 9001`
14 verbose stack Exit status 1
14 verbose stack     at EventEmitter.<anonymous> (/home/tylercollier/.nodenv/versions/6.9.1/lib/node_modules/npm/lib/utils/lifecycle.js:255:16)
14 verbose stack     at emitTwo (events.js:106:13)
14 verbose stack     at EventEmitter.emit (events.js:191:7)
14 verbose stack     at ChildProcess.<anonymous> (/home/tylercollier/.nodenv/versions/6.9.1/lib/node_modules/npm/lib/utils/spawn.js:40:14)
14 verbose stack     at emitTwo (events.js:106:13)
14 verbose stack     at ChildProcess.emit (events.js:191:7)
14 verbose stack     at maybeClose (internal/child_process.js:877:16)
14 verbose stack     at Process.ChildProcess._handle.onexit (internal/child_process.js:226:5)
15 verbose pkgid redux-todomvc-example@0.0.0
16 verbose cwd /home/tylercollier/repos/react-storybook-demo-tyler
17 error Linux 4.4.0-72-generic
18 error argv "/home/tylercollier/.nodenv/versions/6.9.1/bin/node" "/home/tylercollier/.nodenv/versions/6.9.1/bin/npm" "run" "storybook"
19 error node v6.9.1
20 error npm  v3.10.8
21 error code ELIFECYCLE
22 error redux-todomvc-example@0.0.0 storybook: `start-storybook -p 9001`
22 error Exit status 1
23 error Failed at the redux-todomvc-example@0.0.0 storybook script 'start-storybook -p 9001'.
23 error Make sure you have the latest version of node.js and npm installed.
23 error If you do, this is most likely a problem with the redux-todomvc-example package,
23 error not with npm itself.
23 error Tell the author that this fails on your system:
23 error     start-storybook -p 9001
23 error You can get information on how to open an issue for this project with:
23 error     npm bugs redux-todomvc-example
23 error Or if that isn't available, you can get their info via:
23 error     npm owner ls redux-todomvc-example
23 error There is likely additional logging output above.
24 verbose exit [ 1, true ]
